<?xml version="1.0" encoding="UTF-8"?>
<testsuite xmlns:xsi="http://www.w3.org/2001/XMLSchema-instance" xsi:noNamespaceSchemaLocation="https://maven.apache.org/surefire/maven-surefire-plugin/xsd/surefire-test-report.xsd" name="com.epam.ui.UserServiceImplTest" time="0.494" tests="13" errors="0" skipped="0" failures="2">
  <properties>
    <property name="java.specification.version" value="17"/>
    <property name="sun.cpu.isalist" value="amd64"/>
    <property name="sun.jnu.encoding" value="Cp1252"/>
    <property name="java.class.path" value="C:\Users\Vidyadharani_Lokam\eclipse-workspace\VaccineManagementProject\target\test-classes;C:\Users\Vidyadharani_Lokam\eclipse-workspace\VaccineManagementProject\target\classes;C:\Users\Vidyadharani_Lokam\.m2\repository\org\apache\logging\log4j\log4j-core\2.19.0\log4j-core-2.19.0.jar;C:\Users\Vidyadharani_Lokam\.m2\repository\org\apache\logging\log4j\log4j-api\2.19.0\log4j-api-2.19.0.jar;C:\Users\Vidyadharani_Lokam\.m2\repository\org\junit\jupiter\junit-jupiter-api\5.8.2\junit-jupiter-api-5.8.2.jar;C:\Users\Vidyadharani_Lokam\.m2\repository\org\opentest4j\opentest4j\1.2.0\opentest4j-1.2.0.jar;C:\Users\Vidyadharani_Lokam\.m2\repository\org\junit\platform\junit-platform-commons\1.8.2\junit-platform-commons-1.8.2.jar;C:\Users\Vidyadharani_Lokam\.m2\repository\org\apiguardian\apiguardian-api\1.1.2\apiguardian-api-1.1.2.jar;C:\Users\Vidyadharani_Lokam\.m2\repository\org\junit\jupiter\junit-jupiter-engine\5.8.2\junit-jupiter-engine-5.8.2.jar;C:\Users\Vidyadharani_Lokam\.m2\repository\org\junit\platform\junit-platform-engine\1.8.2\junit-platform-engine-1.8.2.jar;"/>
    <property name="java.vm.vendor" value="Eclipse Adoptium"/>
    <property name="sun.arch.data.model" value="64"/>
    <property name="user.variant" value=""/>
    <property name="java.vendor.url" value="https://adoptium.net/"/>
    <property name="user.timezone" value="Asia/Calcutta"/>
    <property name="os.name" value="Windows 10"/>
    <property name="java.vm.specification.version" value="17"/>
    <property name="sun.java.launcher" value="SUN_STANDARD"/>
    <property name="user.country" value="IN"/>
    <property name="sun.boot.library.path" value="C:\Users\Vidyadharani_Lokam\.p2\pool\plugins\org.eclipse.justj.openjdk.hotspot.jre.full.win32.x86_64_17.0.7.v20230425-1502\jre\bin"/>
    <property name="sun.java.command" value="C:\Users\VIDYAD~1\AppData\Local\Temp\surefire309068920047686267\surefirebooter9840828239907838098.jar C:\Users\Vidyadharani_Lokam\AppData\Local\Temp\surefire309068920047686267 2023-07-14T10-33-44_353-jvmRun1 surefire1261877623662719637tmp surefire_017377841223261232253tmp"/>
    <property name="jdk.debug" value="release"/>
    <property name="surefire.test.class.path" value="C:\Users\Vidyadharani_Lokam\eclipse-workspace\VaccineManagementProject\target\test-classes;C:\Users\Vidyadharani_Lokam\eclipse-workspace\VaccineManagementProject\target\classes;C:\Users\Vidyadharani_Lokam\.m2\repository\org\apache\logging\log4j\log4j-core\2.19.0\log4j-core-2.19.0.jar;C:\Users\Vidyadharani_Lokam\.m2\repository\org\apache\logging\log4j\log4j-api\2.19.0\log4j-api-2.19.0.jar;C:\Users\Vidyadharani_Lokam\.m2\repository\org\junit\jupiter\junit-jupiter-api\5.8.2\junit-jupiter-api-5.8.2.jar;C:\Users\Vidyadharani_Lokam\.m2\repository\org\opentest4j\opentest4j\1.2.0\opentest4j-1.2.0.jar;C:\Users\Vidyadharani_Lokam\.m2\repository\org\junit\platform\junit-platform-commons\1.8.2\junit-platform-commons-1.8.2.jar;C:\Users\Vidyadharani_Lokam\.m2\repository\org\apiguardian\apiguardian-api\1.1.2\apiguardian-api-1.1.2.jar;C:\Users\Vidyadharani_Lokam\.m2\repository\org\junit\jupiter\junit-jupiter-engine\5.8.2\junit-jupiter-engine-5.8.2.jar;C:\Users\Vidyadharani_Lokam\.m2\repository\org\junit\platform\junit-platform-engine\1.8.2\junit-platform-engine-1.8.2.jar;"/>
    <property name="sun.cpu.endian" value="little"/>
    <property name="user.home" value="C:\Users\Vidyadharani_Lokam"/>
    <property name="user.language" value="en"/>
    <property name="java.specification.vendor" value="Oracle Corporation"/>
    <property name="java.version.date" value="2023-04-18"/>
    <property name="java.home" value="C:\Users\Vidyadharani_Lokam\.p2\pool\plugins\org.eclipse.justj.openjdk.hotspot.jre.full.win32.x86_64_17.0.7.v20230425-1502\jre"/>
    <property name="file.separator" value="\"/>
    <property name="style.color" value="always"/>
    <property name="basedir" value="C:\Users\Vidyadharani_Lokam\eclipse-workspace\VaccineManagementProject"/>
    <property name="java.vm.compressedOopsMode" value="Zero based"/>
    <property name="line.separator" value="&#10;"/>
    <property name="java.vm.specification.vendor" value="Oracle Corporation"/>
    <property name="java.specification.name" value="Java Platform API Specification"/>
    <property name="surefire.real.class.path" value="C:\Users\VIDYAD~1\AppData\Local\Temp\surefire309068920047686267\surefirebooter9840828239907838098.jar"/>
    <property name="user.script" value=""/>
    <property name="sun.management.compiler" value="HotSpot 64-Bit Tiered Compilers"/>
    <property name="java.runtime.version" value="17.0.7+7"/>
    <property name="user.name" value="Vidyadharani_Lokam"/>
    <property name="path.separator" value=";"/>
    <property name="os.version" value="10.0"/>
    <property name="java.runtime.name" value="OpenJDK Runtime Environment"/>
    <property name="file.encoding" value="Cp1252"/>
    <property name="java.vm.name" value="OpenJDK 64-Bit Server VM"/>
    <property name="java.vendor.version" value="Temurin-17.0.7+7"/>
    <property name="localRepository" value="C:\Users\Vidyadharani_Lokam\.m2\repository"/>
    <property name="java.vendor.url.bug" value="https://github.com/adoptium/adoptium-support/issues"/>
    <property name="java.io.tmpdir" value="C:\Users\VIDYAD~1\AppData\Local\Temp\"/>
    <property name="java.version" value="17.0.7"/>
    <property name="user.dir" value="C:\Users\Vidyadharani_Lokam\eclipse-workspace\VaccineManagementProject"/>
    <property name="os.arch" value="amd64"/>
    <property name="java.vm.specification.name" value="Java Virtual Machine Specification"/>
    <property name="sun.os.patch.level" value=""/>
    <property name="native.encoding" value="Cp1252"/>
    <property name="java.library.path" value="C:\Users\Vidyadharani_Lokam\.p2\pool\plugins\org.eclipse.justj.openjdk.hotspot.jre.full.win32.x86_64_17.0.7.v20230425-1502\jre\bin;C:\Windows\Sun\Java\bin;C:\Windows\system32;C:\Windows;C:/Users/Vidyadharani_Lokam/.p2/pool/plugins/org.eclipse.justj.openjdk.hotspot.jre.full.win32.x86_64_17.0.7.v20230425-1502/jre/bin/server;C:/Users/Vidyadharani_Lokam/.p2/pool/plugins/org.eclipse.justj.openjdk.hotspot.jre.full.win32.x86_64_17.0.7.v20230425-1502/jre/bin;C:\Program Files\Common Files\Oracle\Java\javapath;C:\Program Files (x86)\Common Files\Oracle\Java\javapath;C:\Program Files\Python38\Scripts\;C:\Program Files\Python38\;C:\Windows\system32;C:\Windows;C:\Windows\System32\Wbem;C:\Windows\System32\WindowsPowerShell\v1.0\;C:\Windows\System32\OpenSSH\;C:\Program Files\Git\cmd;C:\Program Files\Amazon\AWSCLIV2\;C:\Program Files\Docker\Docker\resources\bin;C:\Program Files\MySQL\MySQL Shell 8.0\bin\;C:\Users\Vidyadharani_Lokam\AppData\Local\Microsoft\WindowsApps;;C:\Users\Vidyadharani_Lokam\AppData\Local\Programs\Microsoft VS Code\bin;C:\Windows\System32;;."/>
    <property name="java.vm.info" value="mixed mode"/>
    <property name="java.vendor" value="Eclipse Adoptium"/>
    <property name="java.vm.version" value="17.0.7+7"/>
    <property name="sun.io.unicode.encoding" value="UnicodeLittle"/>
    <property name="java.class.version" value="61.0"/>
  </properties>
  <testcase name="test_ValidateAge_NegativeNumber" classname="com.epam.ui.UserServiceImplTest" time="0.452"/>
  <testcase name="test_CheckUser" classname="com.epam.ui.UserServiceImplTest" time="0.001"/>
  <testcase name="test_ValidateAge_ValidAge" classname="com.epam.ui.UserServiceImplTest" time="0.001"/>
  <testcase name="test_ValidateAge_NonNumeric" classname="com.epam.ui.UserServiceImplTest" time="0.007">
    <failure message="Expected com.exception.VaccineManagementExceptions to be thrown, but nothing was thrown." type="org.opentest4j.AssertionFailedError">org.opentest4j.AssertionFailedError: Expected com.exception.VaccineManagementExceptions to be thrown, but nothing was thrown.
	at com.epam.ui.UserServiceImplTest.test_ValidateAge_NonNumeric(UserServiceTest.java:106)
</failure>
  </testcase>
  <testcase name="test_HasAlreadyTakenSecondDose_UserHasNotTakenSecondDose" classname="com.epam.ui.UserServiceImplTest" time="0.001"/>
  <testcase name="test_AddFirstDose" classname="com.epam.ui.UserServiceImplTest" time="0.007">
    <failure message="expected: &lt;true&gt; but was: &lt;false&gt;" type="org.opentest4j.AssertionFailedError"><![CDATA[org.opentest4j.AssertionFailedError: expected: <true> but was: <false>
	at com.epam.ui.UserServiceImplTest.test_AddFirstDose(UserServiceTest.java:46)
]]></failure>
  </testcase>
  <testcase name="test_ValidateName_ValidName" classname="com.epam.ui.UserServiceImplTest" time="0.001"/>
  <testcase name="test_AddSecondDose" classname="com.epam.ui.UserServiceImplTest" time="0.002"/>
  <testcase name="test_ValidateAadhar_ValidAadhar" classname="com.epam.ui.UserServiceImplTest" time="0.001"/>
  <testcase name="test_HasAlreadyTakenFirstDose_UserHasNotTakenFirstDose" classname="com.epam.ui.UserServiceImplTest" time="0.001"/>
  <testcase name="test_ValidateAadhar_InvalidLength" classname="com.epam.ui.UserServiceImplTest" time="0.004"/>
  <testcase name="test_ValidateName_InvalidName" classname="com.epam.ui.UserServiceImplTest" time="0"/>
  <testcase name="test_CheckUser_NonExistingUser" classname="com.epam.ui.UserServiceImplTest" time="0"/>
</testsuite>